[debug] [2022-04-23T05:37:52.235Z] ----------------------------------------------------------------------
[debug] [2022-04-23T05:37:52.237Z] Command:       C:\Program Files\nodejs\node.exe C:\Users\Salaxer\AppData\Roaming\npm\node_modules\firebase-tools\lib\bin\firebase.js init hosting
[debug] [2022-04-23T05:37:52.237Z] CLI Version:   10.2.1
[debug] [2022-04-23T05:37:52.237Z] Platform:      win32
[debug] [2022-04-23T05:37:52.237Z] Node Version:  v16.13.1
[debug] [2022-04-23T05:37:52.238Z] Time:          Sat Apr 23 2022 00:37:52 GMT-0500 (hora de verano central)
[debug] [2022-04-23T05:37:52.238Z] ----------------------------------------------------------------------
[debug] 
[debug] [2022-04-23T05:37:52.244Z] > command requires scopes: ["email","openid","https://www.googleapis.com/auth/cloudplatformprojects.readonly","https://www.googleapis.com/auth/firebase","https://www.googleapis.com/auth/cloud-platform"]
[debug] [2022-04-23T05:37:52.244Z] > authorizing via signed-in user (hector19miguel70@gmail.com)
[info] 
     ######## #### ########  ######## ########     ###     ######  ########
     ##        ##  ##     ## ##       ##     ##  ##   ##  ##       ##
     ######    ##  ########  ######   ########  #########  ######  ######
     ##        ##  ##    ##  ##       ##     ## ##     ##       ## ##
     ##       #### ##     ## ######## ########  ##     ##  ######  ########

You're about to initialize a Firebase project in this directory:

  C:\Users\Salaxer\OneDrive\Proyects\portfolio\salaxer

[info] 
=== Project Setup
[info] 
[info] First, let's associate this project directory with a Firebase project.
[info] You can create multiple project aliases by running firebase use --add, 
[info] but for now we'll just set up a default project.
[info] 
[debug] [2022-04-23T05:38:18.556Z] ----------------------------------------------------------------------
[debug] [2022-04-23T05:38:18.557Z] Command:       C:\Program Files\nodejs\node.exe C:\Users\Salaxer\AppData\Roaming\npm\node_modules\firebase-tools\lib\bin\firebase.js init
[debug] [2022-04-23T05:38:18.557Z] CLI Version:   10.2.1
[debug] [2022-04-23T05:38:18.557Z] Platform:      win32
[debug] [2022-04-23T05:38:18.557Z] Node Version:  v16.13.1
[debug] [2022-04-23T05:38:18.558Z] Time:          Sat Apr 23 2022 00:38:18 GMT-0500 (hora de verano central)
[debug] [2022-04-23T05:38:18.558Z] ----------------------------------------------------------------------
[debug] 
[debug] [2022-04-23T05:38:18.564Z] > command requires scopes: ["email","openid","https://www.googleapis.com/auth/cloudplatformprojects.readonly","https://www.googleapis.com/auth/firebase","https://www.googleapis.com/auth/cloud-platform"]
[debug] [2022-04-23T05:38:18.564Z] > authorizing via signed-in user (hector19miguel70@gmail.com)
[info] 
     ######## #### ########  ######## ########     ###     ######  ########
     ##        ##  ##     ## ##       ##     ##  ##   ##  ##       ##
     ######    ##  ########  ######   ########  #########  ######  ######
     ##        ##  ##    ##  ##       ##     ## ##     ##       ## ##
     ##       #### ##     ## ######## ########  ##     ##  ######  ########

You're about to initialize a Firebase project in this directory:

  C:\Users\Salaxer\OneDrive\Proyects\portfolio\salaxer

[info] 
=== Project Setup
[info] 
[info] First, let's associate this project directory with a Firebase project.
[info] You can create multiple project aliases by running firebase use --add, 
[info] but for now we'll just set up a default project.
[info] 
[debug] [2022-04-23T05:38:55.236Z] >>> [apiv2][query] GET https://firebase.googleapis.com/v1beta1/projects pageSize=100
[debug] [2022-04-23T05:38:56.555Z] <<< [apiv2][status] GET https://firebase.googleapis.com/v1beta1/projects 200
[debug] [2022-04-23T05:38:56.555Z] <<< [apiv2][body] GET https://firebase.googleapis.com/v1beta1/projects [omitted]
